<?xml version="1.0" encoding="UTF-8"?>
<!-- Generated by org.testng.reporters.JUnitXMLReporter -->
<testsuite ignored="2" hostname="DESKTOP-F66LN2J" failures="0" tests="1" name="Default test" time="41.897" errors="0" timestamp="2025-03-26T16:51:16 IST">
  <testcase classname="sidcofoods.RegistrationTest" name="testValidRegistration" time="15.415"/>
  <testcase classname="sidcofoods.RegistrationTest" name="testInvalidEmail" time="0.0">
    <ignored/>
  </testcase> <!-- testInvalidEmail -->
  <testcase classname="sidcofoods.RegistrationTest" name="testWeakPassword" time="0.0">
    <ignored/>
  </testcase> <!-- testWeakPassword -->
</testsuite> <!-- Default test -->
