<?xml version="1.0" encoding="UTF-8"?>
<!-- Generated by org.testng.reporters.JUnitXMLReporter -->
<testsuite ignored="0" hostname="DESKTOP-F66LN2J" failures="1" tests="6" name="Search Test" time="101.885" errors="0" timestamp="2025-03-26T16:57:47 IST">
  <testcase classname="sidcofoods.SearchTest" name="testValidSearch" time="9.916"/>
  <testcase classname="sidcofoods.SearchTest" name="testInvalidSearch" time="13.797"/>
  <testcase classname="sidcofoods.SearchTest" name="testPartialSearch" time="10.755"/>
  <testcase classname="sidcofoods.SearchTest" name="testSQLInjectionSearch" time="10.567"/>
  <testcase classname="sidcofoods.SearchTest" name="testSuggestedProductClick" time="10.996"/>
  <testcase classname="sidcofoods.SearchTest" name="testXSSSearch" time="20.96">
    <failure type="java.lang.AssertionError" message="XSS attempt was not handled properly. expected [true] but found [false]">
      <![CDATA[java.lang.AssertionError: XSS attempt was not handled properly. expected [true] but found [false]
at sidcofoods.SearchTest.testXSSSearch(SearchTest.java:74)
at java.base/java.util.ArrayList.forEach(ArrayList.java:1597)
... Removed 28 stack frames]]>
    </failure>
  </testcase> <!-- testXSSSearch -->
</testsuite> <!-- Search Test -->
